ParseStarterProject/build/intermediates/manifest_merge_blame_file/debug/manifest-merger-blame-debug-report.txt
1<?xml version="1.0" encoding="utf-8"?>
2<manifest xmlns:android="http://schemas.android.com/apk/res/android"
3    package="com.parse.starter"
4    android:versionCode="1"
5    android:versionName="1.0" >
6
7    <uses-sdk
8        android:minSdkVersion="14"
8-->src\main\AndroidManifest.xml
9        android:targetSdkVersion="23" />
9-->src\main\AndroidManifest.xml
10
11    <uses-permission android:name="android.permission.READ_EXTERNAL_STORAGE" />
11-->src\main\AndroidManifest.xml:23:5-80
11-->src\main\AndroidManifest.xml:23:22-77
12    <uses-permission android:name="android.permission.ACCESS_FINE_LOCATION" />
12-->src\main\AndroidManifest.xml:24:5-79
12-->src\main\AndroidManifest.xml:24:22-76
13    <uses-permission android:name="android.permission.INTERNET" />
13-->src\main\AndroidManifest.xml:25:5-67
13-->src\main\AndroidManifest.xml:25:22-64
14    <uses-permission android:name="android.permission.ACCESS_NETWORK_STATE" />
14-->src\main\AndroidManifest.xml:27:5-79
14-->src\main\AndroidManifest.xml:27:22-76
15
16    <application
16-->src\main\AndroidManifest.xml:5:5-22:19
17        android:name="com.parse.starter.StarterApplication"
17-->src\main\AndroidManifest.xml:6:9-43
18        android:allowBackup="true"
18-->src\main\AndroidManifest.xml:7:9-35
19        android:appComponentFactory="androidx.core.app.CoreComponentFactory"
19-->[androidx.core:core:1.0.0] AndroidManifest.xml:22:18-86
20        android:debuggable="true"
21        android:icon="@mipmap/ic_launcher"
21-->src\main\AndroidManifest.xml:8:9-43
22        android:label="@string/app_name"
22-->src\main\AndroidManifest.xml:9:9-41
23        android:testOnly="true"
24        android:theme="@style/AppTheme" >
24-->src\main\AndroidManifest.xml:10:9-40
25        <activity android:name="com.parse.starter.FeedActivity" />
25-->src\main\AndroidManifest.xml:11:9-59
25-->src\main\AndroidManifest.xml:11:19-47
26        <activity android:name="com.parse.starter.Main2Activity" />
26-->src\main\AndroidManifest.xml:12:9-51
26-->src\main\AndroidManifest.xml:12:19-48
27        <activity
27-->src\main\AndroidManifest.xml:13:9-21:20
28            android:name="com.parse.starter.MainActivity"
28-->src\main\AndroidManifest.xml:14:13-41
29            android:label="@string/app_name" >
29-->src\main\AndroidManifest.xml:15:13-45
30            <intent-filter>
30-->src\main\AndroidManifest.xml:16:13-20:29
31                <action android:name="android.intent.action.MAIN" />
31-->src\main\AndroidManifest.xml:17:17-69
31-->src\main\AndroidManifest.xml:17:25-66
32
33                <category android:name="android.intent.category.LAUNCHER" />
33-->src\main\AndroidManifest.xml:19:17-77
33-->src\main\AndroidManifest.xml:19:27-74
34            </intent-filter>
35        </activity>
36    </application>
37
38</manifest>